<?xml version="1.0" encoding="UTF-8"?>
<!-- Generated by org.testng.reporters.JUnitXMLReporter -->
<testsuite hostname="LAPTOP-36B4VAO2" ignored="0" name="Default test" tests="6" failures="0" timestamp="27 Jan 2019 15:32:03 GMT" time="75.69" errors="0">
  <testcase name="titlePageTitle" time="0.021" classname="com.myfirstproject.testcases.TitlePageTest"/>
  <testcase name="findaStudioTest" time="2.283" classname="com.myfirstproject.testcases.TitlePageTest"/>
  <testcase name="findaStudioClick" time="3.992" classname="com.myfirstproject.testcases.TitlePageTest"/>
  <testcase name="findaStudioDistance" time="3.526" classname="com.myfirstproject.testcases.TitlePageTest"/>
  <testcase name="findaStudioLocationName" time="4.733" classname="com.myfirstproject.testcases.TitlePageTest"/>
  <testcase name="findaStudioTime" time="3.802" classname="com.myfirstproject.testcases.TitlePageTest"/>
</testsuite> <!-- Default test -->
