<?xml version="1.0" encoding="UTF-8"?>
<testng-results skipped="0" failed="0" ignored="0" total="6" passed="6">
  <reporter-output>
  </reporter-output>
  <suite name="Default suite" duration-ms="75690" started-at="2019-01-27T15:30:47Z" finished-at="2019-01-27T15:32:03Z">
    <groups>
    </groups>
    <test name="Default test" duration-ms="75690" started-at="2019-01-27T15:30:47Z" finished-at="2019-01-27T15:32:03Z">
      <class name="com.myfirstproject.testcases.TitlePageTest">
        <test-method status="PASS" signature="setup()[pri:0, instance:com.myfirstproject.testcases.TitlePageTest@64bf3bbf]" name="setup" is-config="true" duration-ms="8825" started-at="2019-01-27T15:30:47Z" finished-at="2019-01-27T15:30:56Z">
          <reporter-output>
          </reporter-output>
        </test-method> <!-- setup -->
        <test-method status="PASS" signature="titlePageTitle()[pri:1, instance:com.myfirstproject.testcases.TitlePageTest@64bf3bbf]" name="titlePageTitle" duration-ms="21" started-at="2019-01-27T15:30:56Z" finished-at="2019-01-27T15:30:56Z">
          <reporter-output>
          </reporter-output>
        </test-method> <!-- titlePageTitle -->
        <test-method status="PASS" signature="teardown()[pri:0, instance:com.myfirstproject.testcases.TitlePageTest@64bf3bbf]" name="teardown" is-config="true" duration-ms="1038" started-at="2019-01-27T15:30:56Z" finished-at="2019-01-27T15:30:57Z">
          <reporter-output>
          </reporter-output>
        </test-method> <!-- teardown -->
        <test-method status="PASS" signature="setup()[pri:0, instance:com.myfirstproject.testcases.TitlePageTest@64bf3bbf]" name="setup" is-config="true" duration-ms="8142" started-at="2019-01-27T15:30:57Z" finished-at="2019-01-27T15:31:05Z">
          <reporter-output>
          </reporter-output>
        </test-method> <!-- setup -->
        <test-method status="PASS" signature="findaStudioTest()[pri:2, instance:com.myfirstproject.testcases.TitlePageTest@64bf3bbf]" name="findaStudioTest" duration-ms="2283" started-at="2019-01-27T15:31:05Z" finished-at="2019-01-27T15:31:07Z">
          <reporter-output>
          </reporter-output>
        </test-method> <!-- findaStudioTest -->
        <test-method status="PASS" signature="teardown()[pri:0, instance:com.myfirstproject.testcases.TitlePageTest@64bf3bbf]" name="teardown" is-config="true" duration-ms="876" started-at="2019-01-27T15:31:07Z" finished-at="2019-01-27T15:31:08Z">
          <reporter-output>
          </reporter-output>
        </test-method> <!-- teardown -->
        <test-method status="PASS" signature="setup()[pri:0, instance:com.myfirstproject.testcases.TitlePageTest@64bf3bbf]" name="setup" is-config="true" duration-ms="9277" started-at="2019-01-27T15:31:08Z" finished-at="2019-01-27T15:31:18Z">
          <reporter-output>
          </reporter-output>
        </test-method> <!-- setup -->
        <test-method status="PASS" signature="findaStudioClick()[pri:3, instance:com.myfirstproject.testcases.TitlePageTest@64bf3bbf]" name="findaStudioClick" duration-ms="3992" started-at="2019-01-27T15:31:18Z" finished-at="2019-01-27T15:31:22Z">
          <reporter-output>
          </reporter-output>
        </test-method> <!-- findaStudioClick -->
        <test-method status="PASS" signature="teardown()[pri:0, instance:com.myfirstproject.testcases.TitlePageTest@64bf3bbf]" name="teardown" is-config="true" duration-ms="889" started-at="2019-01-27T15:31:22Z" finished-at="2019-01-27T15:31:22Z">
          <reporter-output>
          </reporter-output>
        </test-method> <!-- teardown -->
        <test-method status="PASS" signature="setup()[pri:0, instance:com.myfirstproject.testcases.TitlePageTest@64bf3bbf]" name="setup" is-config="true" duration-ms="8207" started-at="2019-01-27T15:31:22Z" finished-at="2019-01-27T15:31:31Z">
          <reporter-output>
          </reporter-output>
        </test-method> <!-- setup -->
        <test-method status="PASS" signature="findaStudioDistance()[pri:4, instance:com.myfirstproject.testcases.TitlePageTest@64bf3bbf]" name="findaStudioDistance" duration-ms="3526" started-at="2019-01-27T15:31:31Z" finished-at="2019-01-27T15:31:34Z">
          <reporter-output>
          </reporter-output>
        </test-method> <!-- findaStudioDistance -->
        <test-method status="PASS" signature="teardown()[pri:0, instance:com.myfirstproject.testcases.TitlePageTest@64bf3bbf]" name="teardown" is-config="true" duration-ms="879" started-at="2019-01-27T15:31:34Z" finished-at="2019-01-27T15:31:35Z">
          <reporter-output>
          </reporter-output>
        </test-method> <!-- teardown -->
        <test-method status="PASS" signature="setup()[pri:0, instance:com.myfirstproject.testcases.TitlePageTest@64bf3bbf]" name="setup" is-config="true" duration-ms="8985" started-at="2019-01-27T15:31:35Z" finished-at="2019-01-27T15:31:44Z">
          <reporter-output>
          </reporter-output>
        </test-method> <!-- setup -->
        <test-method status="PASS" signature="findaStudioLocationName()[pri:5, instance:com.myfirstproject.testcases.TitlePageTest@64bf3bbf]" name="findaStudioLocationName" duration-ms="4733" started-at="2019-01-27T15:31:44Z" finished-at="2019-01-27T15:31:49Z">
          <reporter-output>
          </reporter-output>
        </test-method> <!-- findaStudioLocationName -->
        <test-method status="PASS" signature="teardown()[pri:0, instance:com.myfirstproject.testcases.TitlePageTest@64bf3bbf]" name="teardown" is-config="true" duration-ms="880" started-at="2019-01-27T15:31:49Z" finished-at="2019-01-27T15:31:50Z">
          <reporter-output>
          </reporter-output>
        </test-method> <!-- teardown -->
        <test-method status="PASS" signature="setup()[pri:0, instance:com.myfirstproject.testcases.TitlePageTest@64bf3bbf]" name="setup" is-config="true" duration-ms="8394" started-at="2019-01-27T15:31:50Z" finished-at="2019-01-27T15:31:58Z">
          <reporter-output>
          </reporter-output>
        </test-method> <!-- setup -->
        <test-method status="PASS" signature="findaStudioTime()[pri:6, instance:com.myfirstproject.testcases.TitlePageTest@64bf3bbf]" name="findaStudioTime" duration-ms="3802" started-at="2019-01-27T15:31:58Z" finished-at="2019-01-27T15:32:02Z">
          <reporter-output>
          </reporter-output>
        </test-method> <!-- findaStudioTime -->
        <test-method status="PASS" signature="teardown()[pri:0, instance:com.myfirstproject.testcases.TitlePageTest@64bf3bbf]" name="teardown" is-config="true" duration-ms="909" started-at="2019-01-27T15:32:02Z" finished-at="2019-01-27T15:32:03Z">
          <reporter-output>
          </reporter-output>
        </test-method> <!-- teardown -->
      </class> <!-- com.myfirstproject.testcases.TitlePageTest -->
    </test> <!-- Default test -->
  </suite> <!-- Default suite -->
</testng-results>
